  fauna.cpp
C:\Users\labRat1304\Documents\labRat1603\Daquoise_250318\fauna\typedefFauna.h(8,16): warning C4091: 'typedef ': ignored on left of 'STREAMPARAM' when no variable is declared
  (compiling source file 'fauna.cpp')
  
C:\Users\labRat1304\Documents\labRat1603\Daquoise_250318\fauna\typedefFauna.h(14,16): warning C4091: 'typedef ': ignored on left of 'BUFFERINFO' when no variable is declared
  (compiling source file 'fauna.cpp')
  
C:\Users\labRat1304\Documents\labRat1603\Daquoise_250318\fauna\fauna.cpp(64,5): warning C4273: 'fauna_tell_listDevice': inconsistent dll linkage
      C:\Users\labRat1304\Documents\labRat1603\Daquoise_250318\fauna\fauna.h(15,31):
      see previous definition of 'fauna_tell_listDevice'
  
C:\Users\labRat1304\Documents\labRat1603\Daquoise_250318\fauna\fauna.cpp(89,5): warning C4273: 'fauna_tell_listChannel': inconsistent dll linkage
      C:\Users\labRat1304\Documents\labRat1603\Daquoise_250318\fauna\fauna.h(16,31):
      see previous definition of 'fauna_tell_listChannel'
  
C:\Users\labRat1304\Documents\labRat1603\Daquoise_250318\fauna\fauna.cpp(107,5): warning C4273: 'fauna_tell_deviceSpsRange': inconsistent dll linkage
      C:\Users\labRat1304\Documents\labRat1603\Daquoise_250318\fauna\fauna.h(17,31):
      see previous definition of 'fauna_tell_deviceSpsRange'
  
C:\Users\labRat1304\Documents\labRat1603\Daquoise_250318\fauna\fauna.cpp(127,5): warning C4273: 'fauna_tell_listStreamDevice': inconsistent dll linkage
      C:\Users\labRat1304\Documents\labRat1603\Daquoise_250318\fauna\fauna.h(19,31):
      see previous definition of 'fauna_tell_listStreamDevice'
  
C:\Users\labRat1304\Documents\labRat1603\Daquoise_250318\fauna\fauna.cpp(153,5): warning C4273: 'fauna_tell_listStreamChannel': inconsistent dll linkage
      C:\Users\labRat1304\Documents\labRat1603\Daquoise_250318\fauna\fauna.h(20,31):
      see previous definition of 'fauna_tell_listStreamChannel'
  
C:\Users\labRat1304\Documents\labRat1603\Daquoise_250318\fauna\fauna.cpp(171,5): warning C4273: 'fauna_do_insert_streamDevice': inconsistent dll linkage
      C:\Users\labRat1304\Documents\labRat1603\Daquoise_250318\fauna\fauna.h(22,31):
      see previous definition of 'fauna_do_insert_streamDevice'
  
C:\Users\labRat1304\Documents\labRat1603\Daquoise_250318\fauna\fauna.cpp(208,5): warning C4273: 'fauna_do_erase_streamDevice': inconsistent dll linkage
      C:\Users\labRat1304\Documents\labRat1603\Daquoise_250318\fauna\fauna.h(23,31):
      see previous definition of 'fauna_do_erase_streamDevice'
  
C:\Users\labRat1304\Documents\labRat1603\Daquoise_250318\fauna\fauna.cpp(229,5): warning C4273: 'fauna_do_clear_streamDevice': inconsistent dll linkage
      C:\Users\labRat1304\Documents\labRat1603\Daquoise_250318\fauna\fauna.h(24,31):
      see previous definition of 'fauna_do_clear_streamDevice'
  
C:\Users\labRat1304\Documents\labRat1603\Daquoise_250318\fauna\fauna.cpp(248,5): warning C4273: 'fauna_do_launch_stream': inconsistent dll linkage
      C:\Users\labRat1304\Documents\labRat1603\Daquoise_250318\fauna\fauna.h(26,31):
      see previous definition of 'fauna_do_launch_stream'
  
C:\Users\labRat1304\Documents\labRat1603\Daquoise_250318\fauna\fauna.cpp(279,5): warning C4273: 'fauna_do_cease_stream': inconsistent dll linkage
      C:\Users\labRat1304\Documents\labRat1603\Daquoise_250318\fauna\fauna.h(27,31):
      see previous definition of 'fauna_do_cease_stream'
  
C:\Users\labRat1304\Documents\labRat1603\Daquoise_250318\fauna\fauna.cpp(299,5): warning C4273: 'fauna_tell_buffer': inconsistent dll linkage
      C:\Users\labRat1304\Documents\labRat1603\Daquoise_250318\fauna\fauna.h(29,31):
      see previous definition of 'fauna_tell_buffer'
  
C:\Users\labRat1304\Documents\labRat1603\Daquoise_250318\fauna\fauna.cpp(320,5): warning C4273: 'fauna_tell_bufferInfo': inconsistent dll linkage
      C:\Users\labRat1304\Documents\labRat1603\Daquoise_250318\fauna\fauna.h(30,31):
      see previous definition of 'fauna_tell_bufferInfo'
  
C:\Users\labRat1304\Documents\labRat1603\Daquoise_250318\fauna\fauna.cpp(568,18): warning C4267: 'initializing': conversion from 'size_t' to 'int', possible loss of data
C:\Users\labRat1304\Documents\labRat1603\Daquoise_250318\fauna\fauna.cpp(591,18): warning C4267: 'initializing': conversion from 'size_t' to 'int', possible loss of data
C:\Users\labRat1304\Documents\labRat1603\Daquoise_250318\fauna\fauna.cpp(206,1): warning C4715: 'fauna_do_insert_streamDevice': not all control paths return a value
C:\Users\labRat1304\Documents\labRat1603\Daquoise_250318\fauna\fauna.cpp(167,1): warning C4715: 'fauna_tell_listStreamChannel': not all control paths return a value
  fauna.vcxproj -> C:\Users\labRat1304\Documents\labRat1603\Daquoise_250318\x64\Debug\fauna.dll
